h:\kliuworkspace\billetmeasurement\billetmeasurement\billetmeasurement\x64\debug\vc120.pdb
h:\kliuworkspace\billetmeasurement\billetmeasurement\billetmeasurement\x64\debug\qrc_billetmeasurement.obj
h:\kliuworkspace\billetmeasurement\billetmeasurement\billetmeasurement\x64\debug\moc_baslercamera.obj
h:\kliuworkspace\billetmeasurement\billetmeasurement\billetmeasurement\x64\debug\billetmeasurement.obj
h:\kliuworkspace\billetmeasurement\billetmeasurement\billetmeasurement\x64\debug\baslercamera.obj
h:\kliuworkspace\billetmeasurement\billetmeasurement\billetmeasurement\x64\debug\main.obj
h:\kliuworkspace\billetmeasurement\billetmeasurement\billetmeasurement\x64\debug\moc_billetmeasurement.obj
h:\kliuworkspace\billetmeasurement\billetmeasurement\billetmeasurement\generatedfiles\ui_billetmeasurement.h
h:\kliuworkspace\billetmeasurement\billetmeasurement\billetmeasurement\generatedfiles\qrc_billetmeasurement.cpp
h:\kliuworkspace\billetmeasurement\billetmeasurement\billetmeasurement\generatedfiles\debug\moc_qextserialport.cpp
h:\kliuworkspace\billetmeasurement\billetmeasurement\billetmeasurement\generatedfiles\debug\moc_billetmeasurement.cpp
h:\kliuworkspace\billetmeasurement\billetmeasurement\x64\debug\billetmeasurement.ilk
h:\kliuworkspace\billetmeasurement\billetmeasurement\x64\debug\billetmeasurement.exe
h:\kliuworkspace\billetmeasurement\billetmeasurement\x64\debug\billetmeasurement.pdb
h:\kliuworkspace\billetmeasurement\billetmeasurement\billetmeasurement\x64\debug\billetme.b12702ad.tlog\cl.command.1.tlog
h:\kliuworkspace\billetmeasurement\billetmeasurement\billetmeasurement\x64\debug\billetme.b12702ad.tlog\cl.read.1.tlog
h:\kliuworkspace\billetmeasurement\billetmeasurement\billetmeasurement\x64\debug\billetme.b12702ad.tlog\cl.write.1.tlog
h:\kliuworkspace\billetmeasurement\billetmeasurement\billetmeasurement\x64\debug\billetme.b12702ad.tlog\custombuild.command.1.tlog
h:\kliuworkspace\billetmeasurement\billetmeasurement\billetmeasurement\x64\debug\billetme.b12702ad.tlog\custombuild.read.1.tlog
h:\kliuworkspace\billetmeasurement\billetmeasurement\billetmeasurement\x64\debug\billetme.b12702ad.tlog\custombuild.write.1.tlog
h:\kliuworkspace\billetmeasurement\billetmeasurement\billetmeasurement\x64\debug\billetme.b12702ad.tlog\link.command.1.tlog
h:\kliuworkspace\billetmeasurement\billetmeasurement\billetmeasurement\x64\debug\billetme.b12702ad.tlog\link.read.1.tlog
h:\kliuworkspace\billetmeasurement\billetmeasurement\billetmeasurement\x64\debug\billetme.b12702ad.tlog\link.write.1.tlog
